[debug] [2023-02-24T16:29:55.493Z] ----------------------------------------------------------------------
[debug] [2023-02-24T16:29:55.498Z] Command:       C:\Program Files\nodejs\node.exe C:\Users\akash singh\AppData\Roaming\npm\node_modules\firebase-tools\lib\bin\firebase.js init
[debug] [2023-02-24T16:29:55.498Z] CLI Version:   11.24.0
[debug] [2023-02-24T16:29:55.499Z] Platform:      win32
[debug] [2023-02-24T16:29:55.499Z] Node Version:  v18.12.1
[debug] [2023-02-24T16:29:55.501Z] Time:          Fri Feb 24 2023 21:59:55 GMT+0530 (India Standard Time)
[debug] [2023-02-24T16:29:55.501Z] ----------------------------------------------------------------------
[debug] 
[debug] [2023-02-24T16:29:55.512Z] > command requires scopes: ["email","openid","https://www.googleapis.com/auth/cloudplatformprojects.readonly","https://www.googleapis.com/auth/firebase","https://www.googleapis.com/auth/cloud-platform"]
[debug] [2023-02-24T16:29:55.513Z] > authorizing via signed-in user (singhakash2083@gmail.com)
[info] 
     ######## #### ########  ######## ########     ###     ######  ########
     ##        ##  ##     ## ##       ##     ##  ##   ##  ##       ##
     ######    ##  ########  ######   ########  #########  ######  ######
     ##        ##  ##    ##  ##       ##     ## ##     ##       ## ##
     ##       #### ##     ## ######## ########  ##     ##  ######  ########

You're about to initialize a Firebase project in this directory:

  D:\assignment\New folder\imageuploader

[info] 
=== Project Setup
[info] 
[info] First, let's associate this project directory with a Firebase project.
[info] You can create multiple project aliases by running firebase use --add, 
[info] but for now we'll just set up a default project.
[info] 
[debug] [2023-02-24T16:30:17.501Z] >>> [apiv2][query] GET https://firebase.googleapis.com/v1beta1/availableProjects pageSize=100
[debug] [2023-02-24T16:30:23.329Z] <<< [apiv2][status] GET https://firebase.googleapis.com/v1beta1/availableProjects 200
[debug] [2023-02-24T16:30:23.330Z] <<< [apiv2][body] GET https://firebase.googleapis.com/v1beta1/availableProjects [omitted]
[debug] [2023-02-24T16:30:49.443Z] >>> [apiv2][query] POST https://firebase.googleapis.com/v1beta1/projects/skilful-berm-371417:addFirebase [none]
[debug] [2023-02-24T16:30:54.803Z] <<< [apiv2][status] POST https://firebase.googleapis.com/v1beta1/projects/skilful-berm-371417:addFirebase 200
[debug] [2023-02-24T16:30:54.804Z] <<< [apiv2][body] POST https://firebase.googleapis.com/v1beta1/projects/skilful-berm-371417:addFirebase {"name":"operations/workflows/NTAyZTFjMWEtZWVhNi00MGQwLTk2YmYtN2Y0M2M0MDM2MjE3"}
[debug] [2023-02-24T16:30:54.807Z] >>> [apiv2][query] GET https://firebase.googleapis.com/v1beta1/operations/workflows/NTAyZTFjMWEtZWVhNi00MGQwLTk2YmYtN2Y0M2M0MDM2MjE3 [none]
[debug] [2023-02-24T16:30:57.663Z] <<< [apiv2][status] GET https://firebase.googleapis.com/v1beta1/operations/workflows/NTAyZTFjMWEtZWVhNi00MGQwLTk2YmYtN2Y0M2M0MDM2MjE3 200
[debug] [2023-02-24T16:30:57.663Z] <<< [apiv2][body] GET https://firebase.googleapis.com/v1beta1/operations/workflows/NTAyZTFjMWEtZWVhNi00MGQwLTk2YmYtN2Y0M2M0MDM2MjE3 {"name":"operations/workflows/NTAyZTFjMWEtZWVhNi00MGQwLTk2YmYtN2Y0M2M0MDM2MjE3"}
[debug] [2023-02-24T16:30:58.164Z] [Add Firebase Poller] Retrying task index 0
[debug] [2023-02-24T16:30:58.166Z] >>> [apiv2][query] GET https://firebase.googleapis.com/v1beta1/operations/workflows/NTAyZTFjMWEtZWVhNi00MGQwLTk2YmYtN2Y0M2M0MDM2MjE3 [none]
[debug] [2023-02-24T16:31:00.431Z] <<< [apiv2][status] GET https://firebase.googleapis.com/v1beta1/operations/workflows/NTAyZTFjMWEtZWVhNi00MGQwLTk2YmYtN2Y0M2M0MDM2MjE3 200
[debug] [2023-02-24T16:31:00.431Z] <<< [apiv2][body] GET https://firebase.googleapis.com/v1beta1/operations/workflows/NTAyZTFjMWEtZWVhNi00MGQwLTk2YmYtN2Y0M2M0MDM2MjE3 {"name":"operations/workflows/NTAyZTFjMWEtZWVhNi00MGQwLTk2YmYtN2Y0M2M0MDM2MjE3"}
[debug] [2023-02-24T16:31:01.437Z] [Add Firebase Poller] Retrying task index 0
[debug] [2023-02-24T16:31:01.441Z] >>> [apiv2][query] GET https://firebase.googleapis.com/v1beta1/operations/workflows/NTAyZTFjMWEtZWVhNi00MGQwLTk2YmYtN2Y0M2M0MDM2MjE3 [none]
[debug] [2023-02-24T16:31:03.808Z] <<< [apiv2][status] GET https://firebase.googleapis.com/v1beta1/operations/workflows/NTAyZTFjMWEtZWVhNi00MGQwLTk2YmYtN2Y0M2M0MDM2MjE3 200
[debug] [2023-02-24T16:31:03.808Z] <<< [apiv2][body] GET https://firebase.googleapis.com/v1beta1/operations/workflows/NTAyZTFjMWEtZWVhNi00MGQwLTk2YmYtN2Y0M2M0MDM2MjE3 {"name":"operations/workflows/NTAyZTFjMWEtZWVhNi00MGQwLTk2YmYtN2Y0M2M0MDM2MjE3"}
[debug] [2023-02-24T16:31:05.810Z] [Add Firebase Poller] Retrying task index 0
[debug] [2023-02-24T16:31:05.811Z] >>> [apiv2][query] GET https://firebase.googleapis.com/v1beta1/operations/workflows/NTAyZTFjMWEtZWVhNi00MGQwLTk2YmYtN2Y0M2M0MDM2MjE3 [none]
[debug] [2023-02-24T16:31:07.905Z] <<< [apiv2][status] GET https://firebase.googleapis.com/v1beta1/operations/workflows/NTAyZTFjMWEtZWVhNi00MGQwLTk2YmYtN2Y0M2M0MDM2MjE3 200
[debug] [2023-02-24T16:31:07.905Z] <<< [apiv2][body] GET https://firebase.googleapis.com/v1beta1/operations/workflows/NTAyZTFjMWEtZWVhNi00MGQwLTk2YmYtN2Y0M2M0MDM2MjE3 {"name":"operations/workflows/NTAyZTFjMWEtZWVhNi00MGQwLTk2YmYtN2Y0M2M0MDM2MjE3","done":true,"response":{"@type":"type.googleapis.com/google.firebase.service.v1beta1.FirebaseProject","projectId":"skilful-berm-371417","projectNumber":"414654892269","displayName":"My Project 58319","name":"projects/skilful-berm-371417","resources":{"hostingSite":"skilful-berm-371417"}}}
[info] 
[info] === Your Firebase project is ready! ===
[info] 
[info] Project information:
[info]    - Project ID: skilful-berm-371417
[info]    - Project Name: My Project 58319
[info] 
[info] Firebase console is available at
[info] https://console.firebase.google.com/project/skilful-berm-371417/overview
[info] i  Using project skilful-berm-371417 (My Project 58319) 
[info] 
=== Database Setup
[info] i  database: ensuring required API firebasedatabase.googleapis.com is enabled... 
[debug] [2023-02-24T16:31:07.935Z] >>> [apiv2][query] GET https://serviceusage.googleapis.com/v1/projects/skilful-berm-371417/services/firebasedatabase.googleapis.com [none]
[debug] [2023-02-24T16:31:07.935Z] >>> [apiv2][(partial)header] GET https://serviceusage.googleapis.com/v1/projects/skilful-berm-371417/services/firebasedatabase.googleapis.com x-goog-quota-user=projects/skilful-berm-371417
[debug] [2023-02-24T16:31:10.361Z] <<< [apiv2][status] GET https://serviceusage.googleapis.com/v1/projects/skilful-berm-371417/services/firebasedatabase.googleapis.com 200
[debug] [2023-02-24T16:31:10.362Z] <<< [apiv2][body] GET https://serviceusage.googleapis.com/v1/projects/skilful-berm-371417/services/firebasedatabase.googleapis.com [omitted]
[warn] !  database: missing required API firebasedatabase.googleapis.com. Enabling now... 
[debug] [2023-02-24T16:31:10.365Z] >>> [apiv2][query] POST https://serviceusage.googleapis.com/v1/projects/skilful-berm-371417/services/firebasedatabase.googleapis.com:enable [none]
[debug] [2023-02-24T16:31:10.365Z] >>> [apiv2][(partial)header] POST https://serviceusage.googleapis.com/v1/projects/skilful-berm-371417/services/firebasedatabase.googleapis.com:enable x-goog-quota-user=projects/skilful-berm-371417
[debug] [2023-02-24T16:31:12.999Z] <<< [apiv2][status] POST https://serviceusage.googleapis.com/v1/projects/skilful-berm-371417/services/firebasedatabase.googleapis.com:enable 200
[debug] [2023-02-24T16:31:13.000Z] <<< [apiv2][body] POST https://serviceusage.googleapis.com/v1/projects/skilful-berm-371417/services/firebasedatabase.googleapis.com:enable [omitted]
[debug] [2023-02-24T16:31:23.006Z] >>> [apiv2][query] GET https://serviceusage.googleapis.com/v1/projects/skilful-berm-371417/services/firebasedatabase.googleapis.com [none]
[debug] [2023-02-24T16:31:23.006Z] >>> [apiv2][(partial)header] GET https://serviceusage.googleapis.com/v1/projects/skilful-berm-371417/services/firebasedatabase.googleapis.com x-goog-quota-user=projects/skilful-berm-371417
[debug] [2023-02-24T16:31:31.042Z] ----------------------------------------------------------------------
[debug] [2023-02-24T16:31:31.046Z] Command:       C:\Program Files\nodejs\node.exe C:\Users\akash singh\AppData\Roaming\npm\node_modules\firebase-tools\lib\bin\firebase.js init
[debug] [2023-02-24T16:31:31.047Z] CLI Version:   11.24.0
[debug] [2023-02-24T16:31:31.047Z] Platform:      win32
[debug] [2023-02-24T16:31:31.048Z] Node Version:  v18.12.1
[debug] [2023-02-24T16:31:31.049Z] Time:          Fri Feb 24 2023 22:01:31 GMT+0530 (India Standard Time)
[debug] [2023-02-24T16:31:31.050Z] ----------------------------------------------------------------------
[debug] 
[debug] [2023-02-24T16:31:31.059Z] > command requires scopes: ["email","openid","https://www.googleapis.com/auth/cloudplatformprojects.readonly","https://www.googleapis.com/auth/firebase","https://www.googleapis.com/auth/cloud-platform"]
[debug] [2023-02-24T16:31:31.060Z] > authorizing via signed-in user (singhakash2083@gmail.com)
[info] 
     ######## #### ########  ######## ########     ###     ######  ########
     ##        ##  ##     ## ##       ##     ##  ##   ##  ##       ##
     ######    ##  ########  ######   ########  #########  ######  ######
     ##        ##  ##    ##  ##       ##     ## ##     ##       ## ##
     ##       #### ##     ## ######## ########  ##     ##  ######  ########

You're about to initialize a Firebase project in this directory:

  D:\assignment\New folder\imageuploader

[info] 
=== Project Setup
[info] 
[info] First, let's associate this project directory with a Firebase project.
[info] You can create multiple project aliases by running firebase use --add, 
[info] but for now we'll just set up a default project.
[info] 
[info] 
=== Database Setup
[info] 
[info] Firebase Realtime Database Security Rules allow you to define how your data should be
[info] structured and when your data can be read from and written to.
[info] 
[info] +  Default rules have been written to database.rules.json. 
[info] Future modifications to database.rules.json will update Realtime Database Security Rules when you run
[info] firebase deploy.
[info] 
=== Firestore Setup
[info] 
[info] Firestore Security Rules allow you to define how and when to allow
[info] requests. You can keep these rules in your project directory
[info] and publish them with firebase deploy.
[info] 
[info] 
[info] Firestore indexes allow you to perform complex queries while
[info] maintaining performance that scales with the size of the result
[info] set. You can keep index definitions in your project directory
[info] and publish them with firebase deploy.
[info] 
[info] 
=== Functions Setup
[info] Let's create a new codebase for your functions.
[info] A directory corresponding to the codebase will be created in your project
[info] with sample code pre-configured.

[info] See https://firebase.google.com/docs/functions/organize-functions for
[info] more information on organizing your functions using codebases.

[info] Functions can be deployed with firebase deploy.

[info] +  Wrote functions/package.json 
[info] +  Wrote functions/.eslintrc.js 
[info] +  Wrote functions/index.js 
[info] +  Wrote functions/.gitignore 
[debug] [2023-02-24T16:34:35.744Z] ----------------------------------------------------------------------
[debug] [2023-02-24T16:34:35.746Z] Command:       C:\Program Files\nodejs\node.exe C:\Users\akash singh\AppData\Roaming\npm\node_modules\firebase-tools\lib\bin\firebase.js init
[debug] [2023-02-24T16:34:35.747Z] CLI Version:   11.24.0
[debug] [2023-02-24T16:34:35.747Z] Platform:      win32
[debug] [2023-02-24T16:34:35.747Z] Node Version:  v18.12.1
[debug] [2023-02-24T16:34:35.749Z] Time:          Fri Feb 24 2023 22:04:35 GMT+0530 (India Standard Time)
[debug] [2023-02-24T16:34:35.749Z] ----------------------------------------------------------------------
[debug] 
[debug] [2023-02-24T16:34:35.762Z] > command requires scopes: ["email","openid","https://www.googleapis.com/auth/cloudplatformprojects.readonly","https://www.googleapis.com/auth/firebase","https://www.googleapis.com/auth/cloud-platform"]
[debug] [2023-02-24T16:34:35.763Z] > authorizing via signed-in user (singhakash2083@gmail.com)
[info] 
     ######## #### ########  ######## ########     ###     ######  ########
     ##        ##  ##     ## ##       ##     ##  ##   ##  ##       ##
     ######    ##  ########  ######   ########  #########  ######  ######
     ##        ##  ##    ##  ##       ##     ## ##     ##       ## ##
     ##       #### ##     ## ######## ########  ##     ##  ######  ########

You're about to initialize a Firebase project in this directory:

  D:\assignment\New folder\imageuploader

[info] 
=== Project Setup
[info] 
[info] First, let's associate this project directory with a Firebase project.
[info] You can create multiple project aliases by running firebase use --add, 
[info] but for now we'll just set up a default project.
[info] 
[debug] [2023-02-24T16:35:04.566Z] >>> [apiv2][query] GET https://firebase.googleapis.com/v1beta1/availableProjects pageSize=100
[debug] [2023-02-24T16:35:06.299Z] <<< [apiv2][status] GET https://firebase.googleapis.com/v1beta1/availableProjects 200
[debug] [2023-02-24T16:35:06.299Z] <<< [apiv2][body] GET https://firebase.googleapis.com/v1beta1/availableProjects [omitted]
